android/app/build/intermediates/manifest_merge_blame_file/debug/manifest-merger-blame-debug-report.txt
1<?xml version="1.0" encoding="utf-8"?>
2<manifest xmlns:android="http://schemas.android.com/apk/res/android"
3    package="com.dedox"
4    android:versionCode="1"
5    android:versionName="1.0" >
6
7    <uses-sdk
8        android:minSdkVersion="21"
9        android:targetSdkVersion="33" />
10
11    <uses-permission android:name="android.permission.SYSTEM_ALERT_WINDOW" />
11-->src\debug\AndroidManifest.xml:5:5-77
11-->src\debug\AndroidManifest.xml:5:22-75
12    <uses-permission android:name="android.permission.INTERNET" />
12-->src\main\AndroidManifest.xml:3:5-67
12-->src\main\AndroidManifest.xml:3:22-64
13    <uses-permission android:name="android.permission.USE_BIOMETRIC" />
13-->src\main\AndroidManifest.xml:4:5-71
13-->src\main\AndroidManifest.xml:4:22-69
14    <uses-permission android:name="android.permission.ACCESS_WIFI_STATE" />
14-->[com.facebook.flipper:flipper:0.125.0] AndroidManifest.xml:16:5-76
14-->[com.facebook.flipper:flipper:0.125.0] AndroidManifest.xml:16:22-73
15    <uses-permission android:name="android.permission.USE_FINGERPRINT" />
15-->[:react-native-biometrics] AndroidManifest.xml:10:5-74
15-->[:react-native-biometrics] AndroidManifest.xml:10:22-71
16    <uses-permission android:name="android.permission.ACCESS_NETWORK_STATE" />
16-->[com.solanamobile:mobile-wallet-adapter-clientlib:1.0.5] AndroidManifest.xml:11:5-79
16-->[com.solanamobile:mobile-wallet-adapter-clientlib:1.0.5] AndroidManifest.xml:11:22-76
17
18    <queries>
18-->[com.solanamobile:mobile-wallet-adapter-clientlib:1.0.5] AndroidManifest.xml:13:5-23:15
19
20        <!-- Support querying whether an app with the wallet endpoint role is available -->
21        <intent>
21-->[com.solanamobile:mobile-wallet-adapter-clientlib:1.0.5] AndroidManifest.xml:16:9-22:18
22            <action android:name="android.intent.action.VIEW" />
22-->[com.solanamobile:mobile-wallet-adapter-clientlib:1.0.5] AndroidManifest.xml:17:13-65
22-->[com.solanamobile:mobile-wallet-adapter-clientlib:1.0.5] AndroidManifest.xml:17:21-62
23
24            <category android:name="android.intent.category.BROWSABLE" />
24-->[com.solanamobile:mobile-wallet-adapter-clientlib:1.0.5] AndroidManifest.xml:19:13-74
24-->[com.solanamobile:mobile-wallet-adapter-clientlib:1.0.5] AndroidManifest.xml:19:23-71
25
26            <data android:scheme="solana-wallet" />
26-->[com.solanamobile:mobile-wallet-adapter-clientlib:1.0.5] AndroidManifest.xml:21:13-52
26-->[com.solanamobile:mobile-wallet-adapter-clientlib:1.0.5] AndroidManifest.xml:21:19-49
27        </intent>
28    </queries>
29
30    <application
30-->src\main\AndroidManifest.xml:5:5-24:19
31        android:name="com.dedox.MainApplication"
31-->src\main\AndroidManifest.xml:6:7-38
32        android:allowBackup="false"
32-->src\main\AndroidManifest.xml:10:7-34
33        android:appComponentFactory="androidx.core.app.CoreComponentFactory"
33-->[androidx.core:core:1.7.0] AndroidManifest.xml:24:18-86
34        android:debuggable="true"
35        android:icon="@mipmap/ic_launcher"
35-->src\main\AndroidManifest.xml:8:7-41
36        android:label="@string/app_name"
36-->src\main\AndroidManifest.xml:7:7-39
37        android:roundIcon="@mipmap/ic_launcher_round"
37-->src\main\AndroidManifest.xml:9:7-52
38        android:theme="@style/AppTheme"
38-->src\main\AndroidManifest.xml:11:7-38
39        android:usesCleartextTraffic="true" >
39-->src\debug\AndroidManifest.xml:8:9-44
40        <activity
40-->src\debug\AndroidManifest.xml:11:9-111
41            android:name="com.facebook.react.devsupport.DevSettingsActivity"
41-->src\debug\AndroidManifest.xml:11:19-83
42            android:exported="false" />
42-->src\debug\AndroidManifest.xml:11:84-108
43        <activity
43-->src\main\AndroidManifest.xml:12:7-23:18
44            android:name="com.dedox.MainActivity"
44-->src\main\AndroidManifest.xml:13:9-37
45            android:configChanges="keyboard|keyboardHidden|orientation|screenLayout|screenSize|smallestScreenSize|uiMode"
45-->src\main\AndroidManifest.xml:15:9-118
46            android:exported="true"
46-->src\main\AndroidManifest.xml:18:9-32
47            android:label="@string/app_name"
47-->src\main\AndroidManifest.xml:14:9-41
48            android:launchMode="singleTask"
48-->src\main\AndroidManifest.xml:16:9-40
49            android:windowSoftInputMode="adjustResize" >
49-->src\main\AndroidManifest.xml:17:9-51
50            <intent-filter>
50-->src\main\AndroidManifest.xml:19:9-22:25
51                <action android:name="android.intent.action.MAIN" />
51-->src\main\AndroidManifest.xml:20:13-65
51-->src\main\AndroidManifest.xml:20:21-62
52
53                <category android:name="android.intent.category.LAUNCHER" />
53-->src\main\AndroidManifest.xml:21:13-73
53-->src\main\AndroidManifest.xml:21:23-70
54            </intent-filter>
55        </activity>
56
57        <provider
57-->[androidx.emoji2:emoji2:1.0.0] AndroidManifest.xml:26:9-34:20
58            android:name="androidx.startup.InitializationProvider"
58-->[androidx.emoji2:emoji2:1.0.0] AndroidManifest.xml:27:13-67
59            android:authorities="com.dedox.androidx-startup"
59-->[androidx.emoji2:emoji2:1.0.0] AndroidManifest.xml:28:13-68
60            android:exported="false" >
60-->[androidx.emoji2:emoji2:1.0.0] AndroidManifest.xml:29:13-37
61            <meta-data
61-->[androidx.emoji2:emoji2:1.0.0] AndroidManifest.xml:31:13-33:52
62                android:name="androidx.emoji2.text.EmojiCompatInitializer"
62-->[androidx.emoji2:emoji2:1.0.0] AndroidManifest.xml:32:17-75
63                android:value="androidx.startup" />
63-->[androidx.emoji2:emoji2:1.0.0] AndroidManifest.xml:33:17-49
64            <meta-data
64-->[androidx.lifecycle:lifecycle-process:2.4.0] AndroidManifest.xml:31:13-33:52
65                android:name="androidx.lifecycle.ProcessLifecycleInitializer"
65-->[androidx.lifecycle:lifecycle-process:2.4.0] AndroidManifest.xml:32:17-78
66                android:value="androidx.startup" />
66-->[androidx.lifecycle:lifecycle-process:2.4.0] AndroidManifest.xml:33:17-49
67        </provider>
68    </application>
69
70</manifest>